<?xml version="1.0" encoding="UTF-8"?>
<!-- Generated by org.testng.reporters.JUnitReportReporter -->
<testsuite hostname="DESKTOP-HTOPIB8" failures="0" tests="1" name="bat.NewTest" time="90.658" errors="0" timestamp="2023-07-12T19:16:53 IST" skipped="0">
  <testcase classname="bat.NewTest" name="userTest" time="90.658"/>
  <system-out/>
</testsuite> <!-- bat.NewTest -->
